<?xml version="1.0" encoding="UTF-8"?>
<!-- Generated by org.testng.reporters.JUnitXMLReporter -->
<testsuite hostname="Nijats-MacBook-Pro.local" ignored="0" name="Default test" tests="3" failures="0" timestamp="15 Mar 2018 04:48:54 GMT" time="8.088" errors="0">
  <testcase name="defaultMonthlyBillTest" time="0.877" classname="com.us_spending.tests.AwsCalculatorTest"/>
  <testcase name="addedEc2DefaultValuesTest" time="0.977" classname="com.us_spending.tests.AwsCalculatorTest"/>
  <testcase name="clearFormTest" time="5.321" classname="com.us_spending.tests.AwsCalculatorTest"/>
</testsuite> <!-- Default test -->
