<?xml version="1.0" encoding="UTF-8"?>
<testng-results skipped="0" failed="0" ignored="0" total="1" passed="1">
  <reporter-output>
  </reporter-output>
  <suite name="Default suite" duration-ms="6057" started-at="2018-03-17T04:11:37Z" finished-at="2018-03-17T04:11:43Z">
    <groups>
    </groups>
    <test name="Default test" duration-ms="6057" started-at="2018-03-17T04:11:37Z" finished-at="2018-03-17T04:11:43Z">
      <class name="com.us_spending.tests.UsSpendingTestCase">
        <test-method status="PASS" signature="setUp()[pri:0, instance:com.us_spending.tests.UsSpendingTestCase@3bfdc050]" name="setUp" is-config="true" duration-ms="4870" started-at="2018-03-17T04:11:37Z" finished-at="2018-03-17T04:11:42Z">
          <reporter-output>
          </reporter-output>
        </test-method> <!-- setUp -->
        <test-method status="PASS" signature="testCase7()[pri:0, instance:com.us_spending.tests.UsSpendingTestCase@3bfdc050]" name="testCase7" duration-ms="1161" started-at="2018-03-17T04:11:42Z" finished-at="2018-03-17T04:11:43Z">
          <reporter-output>
          </reporter-output>
        </test-method> <!-- testCase7 -->
      </class> <!-- com.us_spending.tests.UsSpendingTestCase -->
    </test> <!-- Default test -->
  </suite> <!-- Default suite -->
</testng-results>
